[debug] [2018-03-12T01:09:49.119Z] ----------------------------------------------------------------------
[debug] [2018-03-12T01:09:49.123Z] Command:       /Users/Looper/.nvm/versions/node/v6.9.1/bin/node /Users/Looper/.nvm/versions/node/v6.9.1/bin/firebase deploy
[debug] [2018-03-12T01:09:49.123Z] CLI Version:   3.17.4
[debug] [2018-03-12T01:09:49.123Z] Platform:      darwin
[debug] [2018-03-12T01:09:49.123Z] Node Version:  v6.9.1
[debug] [2018-03-12T01:09:49.124Z] Time:          Sun Mar 11 2018 21:09:49 GMT-0400 (EDT)
[debug] [2018-03-12T01:09:49.124Z] ----------------------------------------------------------------------
[debug] 
[debug] [2018-03-12T01:09:49.154Z] > command requires scopes: ["email","openid","https://www.googleapis.com/auth/cloudplatformprojects.readonly","https://www.googleapis.com/auth/firebase","https://www.googleapis.com/auth/cloud-platform"]
[debug] [2018-03-12T01:09:49.154Z] > authorizing via signed-in user
[debug] [2018-03-12T01:09:49.159Z] >>> HTTP REQUEST GET https://admin.firebase.com/v1/projects/pocketrave-644be  
  
 Sun Mar 11 2018 21:09:49 GMT-0400 (EDT)
[debug] [2018-03-12T01:09:49.543Z] <<< HTTP RESPONSE 200
[debug] [2018-03-12T01:09:49.545Z] >>> HTTP REQUEST GET https://admin.firebase.com/v1/database/pocketrave-644be/tokens  
  
 Sun Mar 11 2018 21:09:49 GMT-0400 (EDT)
[debug] [2018-03-12T01:09:49.909Z] <<< HTTP RESPONSE 200
[info] 
[info] === Deploying to 'pocketrave-644be'...
[info] 
[info] i  deploying database, storage, functions, hosting
[info] i  database: checking rules syntax...
[debug] [2018-03-12T01:09:50.257Z] >>> HTTP REQUEST PUT https://pocketrave-644be.firebaseio.com/.settings/rules.json?dryRun=true  
 {
  "rules": {
    ".read": "true",
    ".write": "true"
  }
}
 
 Sun Mar 11 2018 21:09:50 GMT-0400 (EDT)
[debug] [2018-03-12T01:09:50.555Z] <<< HTTP RESPONSE 200
[info] ✔  database: rules syntax for database pocketrave-644be is valid
[debug] [2018-03-12T01:09:50.558Z] >>> HTTP REQUEST GET https://appengine.googleapis.com/v1/apps/pocketrave-644be  
  
 Sun Mar 11 2018 21:09:50 GMT-0400 (EDT)
[debug] [2018-03-12T01:09:51.009Z] <<< HTTP RESPONSE 200
[info] i  storage: checking storage.rules for compilation errors...
[debug] [2018-03-12T01:09:51.012Z] >>> HTTP REQUEST POST https://firebaserules.googleapis.com/v1/projects/pocketrave-644be:test  
 { source: { files: [ [Object] ] } } 
 Sun Mar 11 2018 21:09:51 GMT-0400 (EDT)
[debug] [2018-03-12T01:09:51.303Z] <<< HTTP RESPONSE 200
[info] ✔  storage: rules file storage.rules compiled successfully
[debug] [2018-03-12T01:09:51.306Z] > [functions] package.json contents: {
  "name": "functions",
  "description": "Cloud Functions for Firebase",
  "dependencies": {
    "firebase-admin": "^5.2.1",
    "firebase-functions": "^0.8.1",
    "nodemailer": "^4.0.1"
  },
  "private": true
}
[info] i  functions: ensuring necessary APIs are enabled...
[debug] [2018-03-12T01:09:51.307Z] >>> HTTP REQUEST GET https://servicemanagement.googleapis.com/v1/services/cloudfunctions.googleapis.com/projectSettings/pocketrave-644be?view=CONSUMER_VIEW  
  
 Sun Mar 11 2018 21:09:51 GMT-0400 (EDT)
[debug] [2018-03-12T01:09:51.308Z] >>> HTTP REQUEST GET https://servicemanagement.googleapis.com/v1/services/runtimeconfig.googleapis.com/projectSettings/pocketrave-644be?view=CONSUMER_VIEW  
  
 Sun Mar 11 2018 21:09:51 GMT-0400 (EDT)
[debug] [2018-03-12T01:09:52.021Z] <<< HTTP RESPONSE 200
[debug] [2018-03-12T01:09:52.060Z] <<< HTTP RESPONSE 200
[info] ✔  functions: all necessary APIs are enabled
[debug] [2018-03-12T01:09:52.062Z] >>> HTTP REQUEST GET https://appengine.googleapis.com/v1/apps/pocketrave-644be  
  
 Sun Mar 11 2018 21:09:52 GMT-0400 (EDT)
[debug] [2018-03-12T01:09:52.062Z] >>> HTTP REQUEST GET https://apikeys.googleapis.com/v1/projects/pocketrave-644be/apiKeys  
  
 Sun Mar 11 2018 21:09:52 GMT-0400 (EDT)
[debug] [2018-03-12T01:09:52.365Z] <<< HTTP RESPONSE 200
[debug] [2018-03-12T01:09:52.408Z] <<< HTTP RESPONSE 200
[info] i  storage: uploading rules storage.rules...
[debug] [2018-03-12T01:09:52.414Z] >>> HTTP REQUEST POST https://firebaserules.googleapis.com/v1/projects/pocketrave-644be/rulesets  
 { source: { files: [ [Object] ] } } 
 Sun Mar 11 2018 21:09:52 GMT-0400 (EDT)
[debug] [2018-03-12T01:09:52.977Z] <<< HTTP RESPONSE 200
[debug] [2018-03-12T01:09:52.978Z] [rules] created ruleset projects/pocketrave-644be/rulesets/8be7bd5d-ce2d-4712-af5b-3e279841a24a
[info] i  functions: preparing functions directory for uploading...
[debug] [2018-03-12T01:09:52.979Z] >>> HTTP REQUEST GET https://runtimeconfig.googleapis.com/v1beta1/projects/pocketrave-644be/configs  
  
 Sun Mar 11 2018 21:09:52 GMT-0400 (EDT)
[debug] [2018-03-12T01:09:53.285Z] <<< HTTP RESPONSE 200
[debug] [2018-03-12T01:09:53.287Z] >>> HTTP REQUEST GET https://runtimeconfig.googleapis.com/v1beta1/projects/pocketrave-644be/configs/gmail/variables  
  
 Sun Mar 11 2018 21:09:53 GMT-0400 (EDT)
[debug] [2018-03-12T01:09:53.633Z] <<< HTTP RESPONSE 200
[debug] [2018-03-12T01:09:53.635Z] >>> HTTP REQUEST GET https://runtimeconfig.googleapis.com/v1beta1/projects/pocketrave-644be/configs/gmail/variables/password  
  
 Sun Mar 11 2018 21:09:53 GMT-0400 (EDT)
[debug] [2018-03-12T01:09:53.635Z] >>> HTTP REQUEST GET https://runtimeconfig.googleapis.com/v1beta1/projects/pocketrave-644be/configs/gmail/variables/email  
  
 Sun Mar 11 2018 21:09:53 GMT-0400 (EDT)
[debug] [2018-03-12T01:09:53.862Z] <<< HTTP RESPONSE 200
[debug] [2018-03-12T01:09:54.311Z] <<< HTTP RESPONSE 200
[info] i  functions: packaged functions (31.16 KB) for uploading
[debug] [2018-03-12T01:09:55.083Z] >>> HTTP REQUEST GET https://www.googleapis.com/storage/v1/b/staging.pocketrave-644be.appspot.com  
  
 Sun Mar 11 2018 21:09:55 GMT-0400 (EDT)
[debug] [2018-03-12T01:09:55.257Z] <<< HTTP RESPONSE 200
[debug] [2018-03-12T01:09:55.259Z] >>> HTTP REQUEST POST https://www.googleapis.com/upload/storage/v1/b/staging.pocketrave-644be.appspot.com/o?uploadType=media&name=firebase-functions-source  
 ReadStream {
  _readableState: 
   ReadableState {
     objectMode: false,
     highWaterMark: 65536,
     buffer: BufferList { head: [Object], tail: [Object], length: 1 },
     length: 31912,
     pipes: null,
     pipesCount: 0,
     flowing: null,
     ended: true,
     endEmitted: false,
     reading: false,
     sync: false,
     needReadable: false,
     emittedReadable: true,
     readableListening: false,
     resumeScheduled: false,
     defaultEncoding: 'utf8',
     ranOut: false,
     awaitDrain: 0,
     readingMore: false,
     decoder: null,
     encoding: null },
  readable: true,
  domain: null,
  _events: { end: [Function] },
  _eventsCount: 1,
  _maxListeners: undefined,
  path: '/var/folders/63/46ddbdwx3lq4mm44kfcsnkp80000gn/T/firebase-functions-85998iBZB1NPJoKEp.zip',
  fd: 19,
  flags: 'r',
  mode: 438,
  start: undefined,
  end: undefined,
  autoClose: true,
  pos: undefined,
  bytesRead: 31912 } 
 Sun Mar 11 2018 21:09:55 GMT-0400 (EDT)
[debug] [2018-03-12T01:09:55.785Z] <<< HTTP RESPONSE 200
[info] ✔  functions: functions folder uploaded successfully
[info] i  hosting: preparing dist directory for upload...
[debug] [2018-03-12T01:09:56.899Z] >>> HTTP REQUEST PUT https://deploy.firebase.com/v1/hosting/pocketrave-644be/uploads/-L7MkQ6Wg5CQ0n6V6QVH?fileCount=28&message=  
  
 Sun Mar 11 2018 21:09:56 GMT-0400 (EDT)
